#
# A fatal error has been detected by the Java Runtime Environment:
#
#  SIGSEGV (0xb) at pc=0x000000011ffcf45f, pid=55020, tid=0x000000000000d607
#
# JRE version: Java(TM) SE Runtime Environment (8.0_144-b01) (build 1.8.0_144-b01)
# Java VM: Java HotSpot(TM) 64-Bit Server VM (25.144-b01 mixed mode bsd-amd64 compressed oops)
# Problematic frame:
# C  [libawt_lwawt.dylib+0x1c45f]  OGLSD_SetScratchSurface+0x49
#
# Failed to write core dump. Core dumps have been disabled. To enable core dumping, try "ulimit -c unlimited" before starting Java again
#
# If you would like to submit a bug report, please visit:
#   http://bugreport.java.com/bugreport/crash.jsp
# The crash happened outside the Java Virtual Machine in native code.
# See problematic frame for where to report the bug.
#

---------------  T H R E A D  ---------------

Current thread (0x00007fc0cf1ae000):  JavaThread "Java2D Queue Flusher" daemon [_thread_in_native, id=54791, stack(0x0000700001943000,0x0000700001a43000)]

siginfo: si_signo: 11 (SIGSEGV), si_code: 1 (SEGV_MAPERR), si_addr: 0x0000000000000002

Registers:
RAX=0x000000012003a3e0, RBX=0x0000000000000002, RCX=0x000000011fff0580, RDX=0x00007fc0cf438400
RSP=0x0000700001a42730, RBP=0x0000700001a42750, RSI=0x00007fc0ce557170, RDI=0x00007fc0cf1ae1f8
R8 =0x0000000000000213, R9 =0x00007fc0d185bbb0, R10=0x0000000000000000, R11=0x0000000100010000
R12=0x0000000000000000, R13=0x0000700001a428e8, R14=0x00007fc0cf1ae1f8, R15=0x0000000000000008
RIP=0x000000011ffcf45f, EFLAGS=0x0000000000010202, ERR=0x0000000000000004
  TRAPNO=0x000000000000000e

Top of Stack: (sp=0x0000700001a42730)
0x0000700001a42730:   00007fc0ce557170 0000000000000000
0x0000700001a42740:   00007fc0cf239e28 0000000000000008
0x0000700001a42750:   0000700001a427d0 000000011ffefd36
0x0000700001a42760:   00007fc000000000 000000020000008c
0x0000700001a42770:   00007fc0cf239de8 0000000000000000
0x0000700001a42780:   0000000000000000 0000000000000000
0x0000700001a42790:   0000700001a427d0 00007fc0cf239e38
0x0000700001a427a0:   0000000000bcc250 00007fc0cf1ae1f8
0x0000700001a427b0:   00000001508cf2f8 0000000000000000
0x0000700001a427c0:   0000700001a42968 00007fc0cf1ae000
0x0000700001a427d0:   0000700001a42820 00000001092822ea
0x0000700001a427e0:   000000074007eb78 0000000107f38a00
0x0000700001a427f0:   0000000000000064 0000000000000000
0x0000700001a42800:   0000000000000064 00007fc0ce4a5bb8
0x0000700001a42810:   0000700001a42870 0000000107d501e8
0x0000700001a42820:   0000700001a42940 000000010927e1bc
0x0000700001a42830:   0000000000000001 00007fc0ce4a7550
0x0000700001a42840:   000000074000ea00 00007fc0cf1ae000
0x0000700001a42850:   00007fc0cf1ae000 000000011ca00a00
0x0000700001a42860:   0000700001a42968 00007fc0cf1ae000
0x0000700001a42870:   0000700001a428c0 0000000109239968
0x0000700001a42880:   000000074007eb78 000000010925aa66
0x0000700001a42890:   0000700001a42940 000000010927dc1c
0x0000700001a428a0:   ffffffffffffffff 000000011ce9c078
0x0000700001a428b0:   000000015080c868 0000000000000000
0x0000700001a428c0:   0000700001a42940 0000000108f5c2bd
0x0000700001a428d0:   0000700001a42940 0000000108f5c2bd
0x0000700001a428e0:   0000000108f5c2bd 000000074007eb78
0x0000700001a428f0:   0000000000000003 000000074000eaf8
0x0000700001a42900:   0000700001a428f0 000000011ce9f8c1
0x0000700001a42910:   0000700001a42968 000000011cea0148
0x0000700001a42920:   0000000000000000 000000011ce9f9c8 

Instructions: (pc=0x000000011ffcf45f)
0x000000011ffcf43f:   c0 e9 82 00 00 00 48 8b 5e 10 48 85 db 75 0e bf
0x000000011ffcf44f:   01 00 00 00 48 8d 15 67 7b 03 00 eb d6 49 89 fe
0x000000011ffcf45f:   4c 8b 3b 30 c0 e8 21 a6 02 00 49 8b 3f 49 89 c4
0x000000011ffcf46f:   48 8b 35 aa 02 06 00 30 c0 e8 51 a7 02 00 48 85 

Register to memory mapping:

RAX=0x000000012003a3e0: previousOp+0 in /Library/Java/JavaVirtualMachines/jdk1.8.0_144.jdk/Contents/Home/jre/lib/libawt_lwawt.dylib at 0x000000011ffb3000
RBX=0x0000000000000002 is an unknown value
RCX=0x000000011fff0580: OGLRenderQueue_CheckPreviousOp+0x13e in /Library/Java/JavaVirtualMachines/jdk1.8.0_144.jdk/Contents/Home/jre/lib/libawt_lwawt.dylib at 0x000000011ffb3000
RDX=0x00007fc0cf438400 is an unknown value
RSP=0x0000700001a42730 is pointing into the stack for thread: 0x00007fc0cf1ae000
RBP=0x0000700001a42750 is pointing into the stack for thread: 0x00007fc0cf1ae000
RSI=0x00007fc0ce557170 is an unknown value
RDI=0x00007fc0cf1ae1f8 is an unknown value
R8 =0x0000000000000213 is an unknown value
R9 =0x00007fc0d185bbb0 is an unknown value
R10=0x0000000000000000 is an unknown value
R11=0x0000000100010000 is an unknown value
R12=0x0000000000000000 is an unknown value
R13=0x0000700001a428e8 is pointing into the stack for thread: 0x00007fc0cf1ae000
R14=0x00007fc0cf1ae1f8 is an unknown value
R15=0x0000000000000008 is an unknown value


Stack: [0x0000700001943000,0x0000700001a43000],  sp=0x0000700001a42730,  free space=1021k
Native frames: (J=compiled Java code, j=interpreted, Vv=VM code, C=native code)
C  [libawt_lwawt.dylib+0x1c45f]  OGLSD_SetScratchSurface+0x49
C  [libawt_lwawt.dylib+0x3cd36]  Java_sun_java2d_opengl_OGLRenderQueue_flushBuffer+0x63a
J 929  sun.java2d.opengl.OGLRenderQueue.flushBuffer(JI)V (0 bytes) @ 0x00000001092822ea [0x0000000109282240+0xaa]
J 925 C1 sun.java2d.opengl.OGLRenderQueue.flushBuffer()V (41 bytes) @ 0x000000010927e1bc [0x000000010927df60+0x25c]
J 924 C1 sun.java2d.opengl.OGLRenderQueue.access$100(Lsun/java2d/opengl/OGLRenderQueue;)V (5 bytes) @ 0x000000010927dc1c [0x000000010927dbc0+0x5c]
j  sun.java2d.opengl.OGLRenderQueue$QueueFlusher.run()V+81
v  ~StubRoutines::call_stub
V  [libjvm.dylib+0x2ee70a]
V  [libjvm.dylib+0x2eeeae]
V  [libjvm.dylib+0x2ef05a]
V  [libjvm.dylib+0x3497b1]
V  [libjvm.dylib+0x56c0b3]
V  [libjvm.dylib+0x56d7a0]
V  [libjvm.dylib+0x48baee]
C  [libsystem_pthread.dylib+0x393b]  _pthread_body+0xb4
C  [libsystem_pthread.dylib+0x3887]  _pthread_body+0x0
C  [libsystem_pthread.dylib+0x308d]  thread_start+0xd
C  0x0000000000000000

Java frames: (J=compiled Java code, j=interpreted, Vv=VM code)
J 929  sun.java2d.opengl.OGLRenderQueue.flushBuffer(JI)V (0 bytes) @ 0x0000000109282278 [0x0000000109282240+0x38]
J 925 C1 sun.java2d.opengl.OGLRenderQueue.flushBuffer()V (41 bytes) @ 0x000000010927e1bc [0x000000010927df60+0x25c]
J 924 C1 sun.java2d.opengl.OGLRenderQueue.access$100(Lsun/java2d/opengl/OGLRenderQueue;)V (5 bytes) @ 0x000000010927dc1c [0x000000010927dbc0+0x5c]
j  sun.java2d.opengl.OGLRenderQueue$QueueFlusher.run()V+81
v  ~StubRoutines::call_stub

---------------  P R O C E S S  ---------------

Java Threads: ( => current thread )
  0x00007fc0cf800800 JavaThread "DestroyJavaVM" [_thread_blocked, id=6915, stack(0x000070000078a000,0x000070000088a000)]
  0x00007fc0cea4f800 JavaThread "TimerQueue" daemon [_thread_blocked, id=65143, stack(0x0000700001ccf000,0x0000700001dcf000)]
  0x00007fc0cf324800 JavaThread "AWT-EventQueue-0" [_thread_blocked, id=62375, stack(0x0000700001b49000,0x0000700001c49000)]
  0x00007fc0cea48000 JavaThread "AWT-Shutdown" [_thread_blocked, id=30123, stack(0x00007000017bd000,0x00007000018bd000)]
  0x00007fc0cf256000 JavaThread "Java2D Disposer" daemon [_thread_blocked, id=56847, stack(0x0000700001a46000,0x0000700001b46000)]
=>0x00007fc0cf1ae000 JavaThread "Java2D Queue Flusher" daemon [_thread_in_native, id=54791, stack(0x0000700001943000,0x0000700001a43000)]
  0x00007fc0cf174000 JavaThread "AppKit Thread" daemon [_thread_in_native, id=775, stack(0x00007fff58326000,0x00007fff58b26000)]
  0x00007fc0ce82e000 JavaThread "Service Thread" daemon [_thread_blocked, id=18947, stack(0x0000700001534000,0x0000700001634000)]
  0x00007fc0ce892800 JavaThread "C1 CompilerThread2" daemon [_thread_blocked, id=18435, stack(0x0000700001431000,0x0000700001531000)]
  0x00007fc0ce82b000 JavaThread "C2 CompilerThread1" daemon [_thread_blocked, id=17923, stack(0x000070000132e000,0x000070000142e000)]
  0x00007fc0cf04f000 JavaThread "C2 CompilerThread0" daemon [_thread_blocked, id=17411, stack(0x000070000122b000,0x000070000132b000)]
  0x00007fc0cf058800 JavaThread "Monitor Ctrl-Break" daemon [_thread_in_native, id=16899, stack(0x0000700001128000,0x0000700001228000)]
  0x00007fc0ce82a800 JavaThread "Signal Dispatcher" daemon [_thread_blocked, id=16387, stack(0x0000700001025000,0x0000700001125000)]
  0x00007fc0ce81c000 JavaThread "Finalizer" daemon [_thread_blocked, id=12291, stack(0x0000700000e9f000,0x0000700000f9f000)]
  0x00007fc0d0039000 JavaThread "Reference Handler" daemon [_thread_blocked, id=11779, stack(0x0000700000d9c000,0x0000700000e9c000)]

Other Threads:
  0x00007fc0cf810800 VMThread [stack: 0x0000700000c99000,0x0000700000d99000] [id=11267]
  0x00007fc0ce821000 WatcherThread [stack: 0x0000700001637000,0x0000700001737000] [id=19459]

VM state:not at safepoint (normal execution)

VM Mutex/Monitor currently owned by a thread: None

Heap:
 PSYoungGen      total 33280K, used 1615K [0x0000000795580000, 0x0000000797980000, 0x00000007c0000000)
  eden space 31744K, 1% used [0x0000000795580000,0x0000000795610c38,0x0000000797480000)
  from space 1536K, 67% used [0x0000000797680000,0x0000000797783250,0x0000000797800000)
  to   space 1536K, 0% used [0x0000000797800000,0x0000000797800000,0x0000000797980000)
 ParOldGen       total 87552K, used 2057K [0x0000000740000000, 0x0000000745580000, 0x0000000795580000)
  object space 87552K, 2% used [0x0000000740000000,0x0000000740202678,0x0000000745580000)
 Metaspace       used 10675K, capacity 10942K, committed 11136K, reserved 1058816K
  class space    used 1246K, capacity 1332K, committed 1408K, reserved 1048576K

Card table byte_map: [0x0000000117f54000,0x0000000118355000] byte_map_base: 0x0000000114554000

Marking Bits: (ParMarkBitMap*) 0x00000001082f35d0
 Begin Bits: [0x0000000118600000, 0x000000011a600000)
 End Bits:   [0x000000011a600000, 0x000000011c600000)

Polling page: 0x000000010719a000

CodeCache: size=245760Kb used=4613Kb max_used=4624Kb free=241146Kb
 bounds [0x0000000108f54000, 0x00000001093e4000, 0x0000000117f54000]
 total_blobs=1862 nmethods=1352 adapters=424
 compilation: enabled

Compilation events (10 events):
Event: 320.294 Thread 0x00007fc0ce82b000 1357   !   4       sun.java2d.SunGraphics2D::fillRect (74 bytes)
Event: 320.298 Thread 0x00007fc0ce82b000 nmethod 1357 0x00000001093a5650 code [0x00000001093a57e0, 0x00000001093a5ac8]
Event: 320.791 Thread 0x00007fc0cf04f000 1358   !   4       sun.java2d.pipe.BufferedRenderPipe::fillRect (102 bytes)
Event: 320.816 Thread 0x00007fc0cf04f000 nmethod 1358 0x00000001093da910 code [0x00000001093dab80, 0x00000001093db8e0]
Event: 321.296 Thread 0x00007fc0ce82b000 1359       4       javax.swing.JComponent::getX (5 bytes)
Event: 321.297 Thread 0x00007fc0ce82b000 nmethod 1359 0x000000010905ffd0 code [0x0000000109060120, 0x0000000109060178]
Event: 326.726 Thread 0x00007fc0ce892800 1360       3       java.awt.KeyboardFocusManager::checkKFMSecurity (11 bytes)
Event: 326.726 Thread 0x00007fc0ce892800 nmethod 1360 0x00000001093da010 code [0x00000001093da1e0, 0x00000001093da6f8]
Event: 326.829 Thread 0x00007fc0ce82b000 1361       4       javax.swing.JComponent::getY (5 bytes)
Event: 326.829 Thread 0x00007fc0ce82b000 nmethod 1361 0x0000000109345610 code [0x0000000109345760, 0x00000001093457b8]

GC Heap History (10 events):
Event: 134.648 GC heap before
{Heap before GC invocations=3 (full 0):
 PSYoungGen      total 38400K, used 35376K [0x0000000795580000, 0x0000000798000000, 0x00000007c0000000)
  eden space 33280K, 100% used [0x0000000795580000,0x0000000797600000,0x0000000797600000)
  from space 5120K, 40% used [0x0000000797b00000,0x0000000797d0c030,0x0000000798000000)
  to   space 5120K, 0% used [0x0000000797600000,0x0000000797600000,0x0000000797b00000)
 ParOldGen       total 87552K, used 24K [0x0000000740000000, 0x0000000745580000, 0x0000000795580000)
  object space 87552K, 0% used [0x0000000740000000,0x0000000740006000,0x0000000745580000)
 Metaspace       used 10581K, capacity 10878K, committed 11136K, reserved 1058816K
  class space    used 1244K, capacity 1332K, committed 1408K, reserved 1048576K
Event: 134.653 GC heap after
Heap after GC invocations=3 (full 0):
 PSYoungGen      total 38400K, used 2080K [0x0000000795580000, 0x0000000798000000, 0x00000007c0000000)
  eden space 33280K, 0% used [0x0000000795580000,0x0000000795580000,0x0000000797600000)
  from space 5120K, 40% used [0x0000000797600000,0x0000000797808020,0x0000000797b00000)
  to   space 5120K, 0% used [0x0000000797b00000,0x0000000797b00000,0x0000000798000000)
 ParOldGen       total 87552K, used 32K [0x0000000740000000, 0x0000000745580000, 0x0000000795580000)
  object space 87552K, 0% used [0x0000000740000000,0x0000000740008000,0x0000000745580000)
 Metaspace       used 10581K, capacity 10878K, committed 11136K, reserved 1058816K
  class space    used 1244K, capacity 1332K, committed 1408K, reserved 1048576K
}
Event: 192.021 GC heap before
{Heap before GC invocations=4 (full 0):
 PSYoungGen      total 38400K, used 35360K [0x0000000795580000, 0x0000000798000000, 0x00000007c0000000)
  eden space 33280K, 100% used [0x0000000795580000,0x0000000797600000,0x0000000797600000)
  from space 5120K, 40% used [0x0000000797600000,0x0000000797808020,0x0000000797b00000)
  to   space 5120K, 0% used [0x0000000797b00000,0x0000000797b00000,0x0000000798000000)
 ParOldGen       total 87552K, used 32K [0x0000000740000000, 0x0000000745580000, 0x0000000795580000)
  object space 87552K, 0% used [0x0000000740000000,0x0000000740008000,0x0000000745580000)
 Metaspace       used 10594K, capacity 10878K, committed 11136K, reserved 1058816K
  class space    used 1245K, capacity 1332K, committed 1408K, reserved 1048576K
Event: 192.027 GC heap after
Heap after GC invocations=4 (full 0):
 PSYoungGen      total 38400K, used 2064K [0x0000000795580000, 0x0000000798000000, 0x00000007c0000000)
  eden space 33280K, 0% used [0x0000000795580000,0x0000000795580000,0x0000000797600000)
  from space 5120K, 40% used [0x0000000797b00000,0x0000000797d04030,0x0000000798000000)
  to   space 5120K, 0% used [0x0000000797600000,0x0000000797600000,0x0000000797b00000)
 ParOldGen       total 87552K, used 40K [0x0000000740000000, 0x0000000745580000, 0x0000000795580000)
  object space 87552K, 0% used [0x0000000740000000,0x000000074000a000,0x0000000745580000)
 Metaspace       used 10594K, capacity 10878K, committed 11136K, reserved 1058816K
  class space    used 1245K, capacity 1332K, committed 1408K, reserved 1048576K
}
Event: 249.413 GC heap before
{Heap before GC invocations=5 (full 0):
 PSYoungGen      total 38400K, used 35344K [0x0000000795580000, 0x0000000798000000, 0x00000007c0000000)
  eden space 33280K, 100% used [0x0000000795580000,0x0000000797600000,0x0000000797600000)
  from space 5120K, 40% used [0x0000000797b00000,0x0000000797d04030,0x0000000798000000)
  to   space 5120K, 0% used [0x0000000797600000,0x0000000797600000,0x0000000797b00000)
 ParOldGen       total 87552K, used 40K [0x0000000740000000, 0x0000000745580000, 0x0000000795580000)
  object space 87552K, 0% used [0x0000000740000000,0x000000074000a000,0x0000000745580000)
 Metaspace       used 10626K, capacity 10942K, committed 11136K, reserved 1058816K
  class space    used 1245K, capacity 1332K, committed 1408K, reserved 1048576K
Event: 249.419 GC heap after
Heap after GC invocations=5 (full 0):
 PSYoungGen      total 35328K, used 2064K [0x0000000795580000, 0x0000000797b80000, 0x00000007c0000000)
  eden space 32768K, 0% used [0x0000000795580000,0x0000000795580000,0x0000000797580000)
  from space 2560K, 80% used [0x0000000797600000,0x0000000797804010,0x0000000797880000)
  to   space 2560K, 0% used [0x0000000797900000,0x0000000797900000,0x0000000797b80000)
 ParOldGen       total 87552K, used 48K [0x0000000740000000, 0x0000000745580000, 0x0000000795580000)
  object space 87552K, 0% used [0x0000000740000000,0x000000074000c000,0x0000000745580000)
 Metaspace       used 10626K, capacity 10942K, committed 11136K, reserved 1058816K
  class space    used 1245K, capacity 1332K, committed 1408K, reserved 1048576K
}
Event: 306.221 GC heap before
{Heap before GC invocations=6 (full 0):
 PSYoungGen      total 35328K, used 34832K [0x0000000795580000, 0x0000000797b80000, 0x00000007c0000000)
  eden space 32768K, 100% used [0x0000000795580000,0x0000000797580000,0x0000000797580000)
  from space 2560K, 80% used [0x0000000797600000,0x0000000797804010,0x0000000797880000)
  to   space 2560K, 0% used [0x0000000797900000,0x0000000797900000,0x0000000797b80000)
 ParOldGen       total 87552K, used 48K [0x0000000740000000, 0x0000000745580000, 0x0000000795580000)
  object space 87552K, 0% used [0x0000000740000000,0x000000074000c000,0x0000000745580000)
 Metaspace       used 10662K, capacity 10942K, committed 11136K, reserved 1058816K
  class space    used 1245K, capacity 1332K, committed 1408K, reserved 1048576K
Event: 306.225 GC heap after
Heap after GC invocations=6 (full 0):
 PSYoungGen      total 34816K, used 2064K [0x0000000795580000, 0x0000000797b80000, 0x00000007c0000000)
  eden space 32256K, 0% used [0x0000000795580000,0x0000000795580000,0x0000000797500000)
  from space 2560K, 80% used [0x0000000797900000,0x0000000797b04030,0x0000000797b80000)
  to   space 2560K, 0% used [0x0000000797680000,0x0000000797680000,0x0000000797900000)
 ParOldGen       total 87552K, used 56K [0x0000000740000000, 0x0000000745580000, 0x0000000795580000)
  object space 87552K, 0% used [0x0000000740000000,0x000000074000e000,0x0000000745580000)
 Metaspace       used 10662K, capacity 10942K, committed 11136K, reserved 1058816K
  class space    used 1245K, capacity 1332K, committed 1408K, reserved 1048576K
}
Event: 329.864 GC heap before
{Heap before GC invocations=7 (full 0):
 PSYoungGen      total 34816K, used 34320K [0x0000000795580000, 0x0000000797b80000, 0x00000007c0000000)
  eden space 32256K, 100% used [0x0000000795580000,0x0000000797500000,0x0000000797500000)
  from space 2560K, 80% used [0x0000000797900000,0x0000000797b04030,0x0000000797b80000)
  to   space 2560K, 0% used [0x0000000797680000,0x0000000797680000,0x0000000797900000)
 ParOldGen       total 87552K, used 56K [0x0000000740000000, 0x0000000745580000, 0x0000000795580000)
  object space 87552K, 0% used [0x0000000740000000,0x000000074000e000,0x0000000745580000)
 Metaspace       used 10675K, capacity 10942K, committed 11136K, reserved 1058816K
  class space    used 1246K, capacity 1332K, committed 1408K, reserved 1048576K
Event: 329.868 GC heap after
Heap after GC invocations=7 (full 0):
 PSYoungGen      total 33280K, used 1036K [0x0000000795580000, 0x0000000797980000, 0x00000007c0000000)
  eden space 31744K, 0% used [0x0000000795580000,0x0000000795580000,0x0000000797480000)
  from space 1536K, 67% used [0x0000000797680000,0x0000000797783250,0x0000000797800000)
  to   space 1536K, 0% used [0x0000000797800000,0x0000000797800000,0x0000000797980000)
 ParOldGen       total 87552K, used 2057K [0x0000000740000000, 0x0000000745580000, 0x0000000795580000)
  object space 87552K, 2% used [0x0000000740000000,0x0000000740202678,0x0000000745580000)
 Metaspace       used 10675K, capacity 10942K, committed 11136K, reserved 1058816K
  class space    used 1246K, capacity 1332K, committed 1408K, reserved 1048576K
}

Deoptimization events (10 events):
Event: 315.504 Thread 0x00007fc0cf324800 Uncommon trap: reason=bimorphic action=maybe_recompile pc=0x000000010929b04c method=sun.java2d.SunGraphics2D.validateColor()V @ 95
Event: 315.505 Thread 0x00007fc0cf324800 Uncommon trap: reason=bimorphic action=maybe_recompile pc=0x00000001091f15e8 method=sun.java2d.SunGraphics2D.validateColor()V @ 95
Event: 315.505 Thread 0x00007fc0cf324800 Uncommon trap: reason=unstable_if action=reinterpret pc=0x00000001092313d8 method=sun.font.GlyphList.getInstance()Lsun/font/GlyphList; @ 3
Event: 315.505 Thread 0x00007fc0cf324800 Uncommon trap: reason=bimorphic action=maybe_recompile pc=0x0000000109264d8c method=sun.java2d.SunGraphics2D.validateColor()V @ 95
Event: 315.516 Thread 0x00007fc0cf324800 Uncommon trap: reason=bimorphic action=maybe_recompile pc=0x00000001092917ec method=sun.java2d.SunGraphics2D.validateColor()V @ 95
Event: 319.879 Thread 0x00007fc0cf174000 Uncommon trap: reason=class_check action=maybe_recompile pc=0x00000001092588fc method=sun.java2d.opengl.OGLRenderer.validateContext(Lsun/java2d/SunGraphics2D;)V @ 23
Event: 319.912 Thread 0x00007fc0cf174000 Uncommon trap: reason=class_check action=maybe_recompile pc=0x00000001092588fc method=sun.java2d.opengl.OGLRenderer.validateContext(Lsun/java2d/SunGraphics2D;)V @ 23
Event: 319.918 Thread 0x00007fc0cf324800 Uncommon trap: reason=unstable_if action=reinterpret pc=0x000000010922bb70 method=sun.java2d.SunGraphics2D.getCompClip()Lsun/java2d/pipe/Region; @ 7
Event: 319.920 Thread 0x00007fc0cf324800 Uncommon trap: reason=unstable_if action=reinterpret pc=0x00000001093afd08 method=sun.java2d.pipe.BufferedContext.validate(Lsun/java2d/pipe/hw/AccelSurface;Lsun/java2d/pipe/hw/AccelSurface;Lsun/java2d/pipe/Region;Ljava/awt/Composite;Ljava/awt/geom/AffineT
Event: 319.920 Thread 0x00007fc0cf324800 Uncommon trap: reason=bimorphic action=maybe_recompile pc=0x000000010929b0dc method=sun.java2d.SunGraphics2D.validateColor()V @ 95

Internal exceptions (10 events):
Event: 0.239 Thread 0x00007fc0cf800800 Exception <a 'java/lang/NoSuchFieldError': method resolution failed> (0x0000000795982f08) thrown at [/Users/java_re/workspace/8-2-build-macosx-x86_64/jdk8u144/9417/hotspot/src/share/vm/prims/methodHandles.cpp, line 1146]
Event: 0.276 Thread 0x00007fc0cf800800 Exception <a 'java/security/PrivilegedActionException'> (0x0000000795a963a8) thrown at [/Users/java_re/workspace/8-2-build-macosx-x86_64/jdk8u144/9417/hotspot/src/share/vm/prims/jvm.cpp, line 1390]
Event: 0.276 Thread 0x00007fc0cf800800 Exception <a 'java/security/PrivilegedActionException'> (0x0000000795a967a0) thrown at [/Users/java_re/workspace/8-2-build-macosx-x86_64/jdk8u144/9417/hotspot/src/share/vm/prims/jvm.cpp, line 1390]
Event: 0.277 Thread 0x00007fc0cf800800 Exception <a 'java/security/PrivilegedActionException'> (0x0000000795a99cb8) thrown at [/Users/java_re/workspace/8-2-build-macosx-x86_64/jdk8u144/9417/hotspot/src/share/vm/prims/jvm.cpp, line 1390]
Event: 0.277 Thread 0x00007fc0cf800800 Exception <a 'java/security/PrivilegedActionException'> (0x0000000795a9a0b0) thrown at [/Users/java_re/workspace/8-2-build-macosx-x86_64/jdk8u144/9417/hotspot/src/share/vm/prims/jvm.cpp, line 1390]
Event: 0.458 Thread 0x00007fc0cf800800 Exception <a 'java/io/FileNotFoundException'> (0x0000000795aa4180) thrown at [/Users/java_re/workspace/8-2-build-macosx-x86_64/jdk8u144/9417/hotspot/src/share/vm/prims/jni.cpp, line 709]
Event: 0.458 Thread 0x00007fc0cf800800 Exception <a 'java/io/FileNotFoundException'> (0x0000000795aa4cf0) thrown at [/Users/java_re/workspace/8-2-build-macosx-x86_64/jdk8u144/9417/hotspot/src/share/vm/prims/jni.cpp, line 709]
Event: 24.486 Thread 0x00007fc0ce81c000 Exception <a 'java/lang/NullPointerException'> (0x00000007956a5ef8) thrown at [/Users/java_re/workspace/8-2-build-macosx-x86_64/jdk8u144/9417/hotspot/src/share/vm/interpreter/linkResolver.cpp, line 1197]
Event: 315.475 Thread 0x00007fc0cf174000 Implicit null exception at 0x0000000109283359 to 0x00000001092845c5
Event: 315.475 Thread 0x00007fc0cf174000 Implicit null exception at 0x000000010921d82c to 0x000000010921da45

Events (10 events):
Event: 319.918 Thread 0x00007fc0cf324800 DEOPT PACKING pc=0x000000010922bb70 sp=0x0000700001c45b00
Event: 319.919 Thread 0x00007fc0cf324800 DEOPT UNPACKING pc=0x0000000108f59229 sp=0x0000700001c45980 mode 2
Event: 319.920 Thread 0x00007fc0cf324800 Uncommon trap: trap_request=0xffffff65 fr.pc=0x00000001093afd08
Event: 319.920 Thread 0x00007fc0cf324800 DEOPT PACKING pc=0x00000001093afd08 sp=0x0000700001c45880
Event: 319.920 Thread 0x00007fc0cf324800 DEOPT UNPACKING pc=0x0000000108f59229 sp=0x0000700001c45820 mode 2
Event: 319.920 Thread 0x00007fc0cf324800 Uncommon trap: trap_request=0xffffffc6 fr.pc=0x000000010929b0dc
Event: 319.920 Thread 0x00007fc0cf324800 DEOPT PACKING pc=0x000000010929b0dc sp=0x0000700001c45b90
Event: 319.920 Thread 0x00007fc0cf324800 DEOPT UNPACKING pc=0x0000000108f59229 sp=0x0000700001c45ae8 mode 2
Event: 329.864 Executing VM operation: ParallelGCFailedAllocation
Event: 329.868 Executing VM operation: ParallelGCFailedAllocation done


Dynamic libraries:
0x00000000018a4000 	/System/Library/Frameworks/Cocoa.framework/Versions/A/Cocoa
0x00000000018a4000 	/System/Library/Frameworks/Security.framework/Versions/A/Security
0x00000000018a4000 	/System/Library/Frameworks/ApplicationServices.framework/Versions/A/ApplicationServices
0x00000000018a4000 	/usr/lib/libz.1.dylib
0x00000000018a4000 	/usr/lib/libSystem.B.dylib
0x00000000018a4000 	/usr/lib/libobjc.A.dylib
0x00000000018a4000 	/System/Library/Frameworks/CoreFoundation.framework/Versions/A/CoreFoundation
0x00000000018a4000 	/System/Library/Frameworks/Foundation.framework/Versions/C/Foundation
0x00000000018a4000 	/System/Library/Frameworks/AppKit.framework/Versions/C/AppKit
0x00000000018a4000 	/System/Library/Frameworks/CoreData.framework/Versions/A/CoreData
0x00000000018a4000 	/System/Library/PrivateFrameworks/RemoteViewServices.framework/Versions/A/RemoteViewServices
0x00000000018a4000 	/System/Library/PrivateFrameworks/UIFoundation.framework/Versions/A/UIFoundation
0x00000000018a4000 	/System/Library/PrivateFrameworks/DFRFoundation.framework/Versions/A/DFRFoundation
0x00000000018a4000 	/usr/lib/libenergytrace.dylib
0x00000000018a4000 	/System/Library/PrivateFrameworks/SkyLight.framework/Versions/A/SkyLight
0x00000000018a4000 	/System/Library/Frameworks/CoreGraphics.framework/Versions/A/CoreGraphics
0x00000000018a4000 	/usr/lib/libScreenReader.dylib
0x00000000018a4000 	/System/Library/Frameworks/Accelerate.framework/Versions/A/Accelerate
0x00000000018a4000 	/System/Library/Frameworks/IOSurface.framework/Versions/A/IOSurface
0x00000000018a4000 	/System/Library/Frameworks/AudioToolbox.framework/Versions/A/AudioToolbox
0x00000000018a4000 	/System/Library/Frameworks/AudioUnit.framework/Versions/A/AudioUnit
0x00000000018a4000 	/System/Library/PrivateFrameworks/DataDetectorsCore.framework/Versions/A/DataDetectorsCore
0x00000000018a4000 	/System/Library/PrivateFrameworks/DesktopServicesPriv.framework/Versions/A/DesktopServicesPriv
0x00000000018a4000 	/System/Library/Frameworks/Carbon.framework/Versions/A/Frameworks/HIToolbox.framework/Versions/A/HIToolbox
0x00000000018a4000 	/usr/lib/libicucore.A.dylib
0x00000000018a4000 	/System/Library/Frameworks/QuartzCore.framework/Versions/A/QuartzCore
0x00000000018a4000 	/System/Library/Frameworks/Carbon.framework/Versions/A/Frameworks/SpeechRecognition.framework/Versions/A/SpeechRecognition
0x00000000018a4000 	/usr/lib/libauto.dylib
0x00000000018a4000 	/usr/lib/libxml2.2.dylib
0x00000000018a4000 	/System/Library/PrivateFrameworks/CoreUI.framework/Versions/A/CoreUI
0x00000000018a4000 	/System/Library/Frameworks/CoreAudio.framework/Versions/A/CoreAudio
0x00000000018a4000 	/System/Library/Frameworks/DiskArbitration.framework/Versions/A/DiskArbitration
0x00000000018a4000 	/usr/lib/liblangid.dylib
0x00000000018a4000 	/System/Library/PrivateFrameworks/MultitouchSupport.framework/Versions/A/MultitouchSupport
0x00000000018a4000 	/System/Library/Frameworks/IOKit.framework/Versions/A/IOKit
0x00000000018a4000 	/usr/lib/libDiagnosticMessagesClient.dylib
0x00000000018a4000 	/System/Library/Frameworks/CoreServices.framework/Versions/A/CoreServices
0x00000000018a4000 	/System/Library/PrivateFrameworks/PerformanceAnalysis.framework/Versions/A/PerformanceAnalysis
0x00000000018a4000 	/System/Library/PrivateFrameworks/GenerationalStorage.framework/Versions/A/GenerationalStorage
0x00000000018a4000 	/System/Library/Frameworks/OpenGL.framework/Versions/A/OpenGL
0x00000000018a4000 	/System/Library/Frameworks/CoreImage.framework/Versions/A/CoreImage
0x00000000018a4000 	/System/Library/Frameworks/CoreText.framework/Versions/A/CoreText
0x00000000018a4000 	/System/Library/Frameworks/ImageIO.framework/Versions/A/ImageIO
0x00000000018a4000 	/System/Library/PrivateFrameworks/Backup.framework/Versions/A/Backup
0x00000000018a4000 	/usr/lib/libarchive.2.dylib
0x00000000018a4000 	/System/Library/Frameworks/CFNetwork.framework/Versions/A/CFNetwork
0x00000000018a4000 	/System/Library/Frameworks/SystemConfiguration.framework/Versions/A/SystemConfiguration
0x00000000018a4000 	/usr/lib/libCRFSuite.dylib
0x00000000018a4000 	/usr/lib/libc++.1.dylib
0x00000000018a4000 	/usr/lib/libc++abi.dylib
0x00000000018a4000 	/usr/lib/system/libcache.dylib
0x00000000018a4000 	/usr/lib/system/libcommonCrypto.dylib
0x00000000018a4000 	/usr/lib/system/libcompiler_rt.dylib
0x00000000018a4000 	/usr/lib/system/libcopyfile.dylib
0x00000000018a4000 	/usr/lib/system/libcorecrypto.dylib
0x00000000018a4000 	/usr/lib/system/libdispatch.dylib
0x00000000018a4000 	/usr/lib/system/libdyld.dylib
0x00000000018a4000 	/usr/lib/system/libkeymgr.dylib
0x00000000018a4000 	/usr/lib/system/liblaunch.dylib
0x00000000018a4000 	/usr/lib/system/libmacho.dylib
0x00000000018a4000 	/usr/lib/system/libquarantine.dylib
0x00000000018a4000 	/usr/lib/system/libremovefile.dylib
0x00000000018a4000 	/usr/lib/system/libsystem_asl.dylib
0x00000000018a4000 	/usr/lib/system/libsystem_blocks.dylib
0x00000000018a4000 	/usr/lib/system/libsystem_c.dylib
0x00000000018a4000 	/usr/lib/system/libsystem_configuration.dylib
0x00000000018a4000 	/usr/lib/system/libsystem_coreservices.dylib
0x00000000018a4000 	/usr/lib/system/libsystem_coretls.dylib
0x00000000018a4000 	/usr/lib/system/libsystem_dnssd.dylib
0x00000000018a4000 	/usr/lib/system/libsystem_info.dylib
0x00000000018a4000 	/usr/lib/system/libsystem_kernel.dylib
0x00000000018a4000 	/usr/lib/system/libsystem_m.dylib
0x00000000018a4000 	/usr/lib/system/libsystem_malloc.dylib
0x00000000018a4000 	/usr/lib/system/libsystem_network.dylib
0x00000000018a4000 	/usr/lib/system/libsystem_networkextension.dylib
0x00000000018a4000 	/usr/lib/system/libsystem_notify.dylib
0x00000000018a4000 	/usr/lib/system/libsystem_platform.dylib
0x00000000018a4000 	/usr/lib/system/libsystem_pthread.dylib
0x00000000018a4000 	/usr/lib/system/libsystem_sandbox.dylib
0x00000000018a4000 	/usr/lib/system/libsystem_secinit.dylib
0x00000000018a4000 	/usr/lib/system/libsystem_symptoms.dylib
0x00000000018a4000 	/usr/lib/system/libsystem_trace.dylib
0x00000000018a4000 	/usr/lib/system/libunwind.dylib
0x00000000018a4000 	/usr/lib/system/libxpc.dylib
0x00000000018a4000 	/usr/lib/libbsm.0.dylib
0x00000000018a4000 	/usr/lib/system/libkxld.dylib
0x00000000018a4000 	/usr/lib/libcoretls.dylib
0x00000000018a4000 	/usr/lib/libcoretls_cfhelpers.dylib
0x00000000018a4000 	/usr/lib/libOpenScriptingUtil.dylib
0x00000000018a4000 	/usr/lib/libpam.2.dylib
0x00000000018a4000 	/usr/lib/libsqlite3.dylib
0x00000000018a4000 	/usr/lib/libxar.1.dylib
0x00000000018a4000 	/usr/lib/libbz2.1.0.dylib
0x00000000018a4000 	/usr/lib/liblzma.5.dylib
0x00000000018a4000 	/usr/lib/libnetwork.dylib
0x00000000018a4000 	/usr/lib/libpcap.A.dylib
0x00000000018a4000 	/System/Library/Frameworks/CoreServices.framework/Versions/A/Frameworks/FSEvents.framework/Versions/A/FSEvents
0x00000000018a4000 	/System/Library/Frameworks/CoreServices.framework/Versions/A/Frameworks/CarbonCore.framework/Versions/A/CarbonCore
0x00000000018a4000 	/System/Library/Frameworks/CoreServices.framework/Versions/A/Frameworks/Metadata.framework/Versions/A/Metadata
0x00000000018a4000 	/System/Library/Frameworks/CoreServices.framework/Versions/A/Frameworks/OSServices.framework/Versions/A/OSServices
0x00000000018a4000 	/System/Library/Frameworks/CoreServices.framework/Versions/A/Frameworks/SearchKit.framework/Versions/A/SearchKit
0x00000000018a4000 	/System/Library/Frameworks/CoreServices.framework/Versions/A/Frameworks/AE.framework/Versions/A/AE
0x00000000018a4000 	/System/Library/Frameworks/CoreServices.framework/Versions/A/Frameworks/LaunchServices.framework/Versions/A/LaunchServices
0x00000000018a4000 	/System/Library/Frameworks/CoreServices.framework/Versions/A/Frameworks/DictionaryServices.framework/Versions/A/DictionaryServices
0x00000000018a4000 	/System/Library/Frameworks/CoreServices.framework/Versions/A/Frameworks/SharedFileList.framework/Versions/A/SharedFileList
0x00000000018a4000 	/System/Library/Frameworks/NetFS.framework/Versions/A/NetFS
0x00000000018a4000 	/System/Library/PrivateFrameworks/NetAuth.framework/Versions/A/NetAuth
0x00000000018a4000 	/System/Library/PrivateFrameworks/login.framework/Versions/A/Frameworks/loginsupport.framework/Versions/A/loginsupport
0x00000000018a4000 	/System/Library/PrivateFrameworks/TCC.framework/Versions/A/TCC
0x00000000018a4000 	/usr/lib/libmecabra.dylib
0x00000000018a4000 	/System/Library/Frameworks/ApplicationServices.framework/Versions/A/Frameworks/ATS.framework/Versions/A/ATS
0x00000000018a4000 	/System/Library/Frameworks/ApplicationServices.framework/Versions/A/Frameworks/ColorSync.framework/Versions/A/ColorSync
0x00000000018a4000 	/System/Library/Frameworks/ApplicationServices.framework/Versions/A/Frameworks/HIServices.framework/Versions/A/HIServices
0x00000000018a4000 	/System/Library/Frameworks/ApplicationServices.framework/Versions/A/Frameworks/LangAnalysis.framework/Versions/A/LangAnalysis
0x00000000018a4000 	/System/Library/Frameworks/ApplicationServices.framework/Versions/A/Frameworks/PrintCore.framework/Versions/A/PrintCore
0x00000000018a4000 	/System/Library/Frameworks/ApplicationServices.framework/Versions/A/Frameworks/QD.framework/Versions/A/QD
0x00000000018a4000 	/System/Library/Frameworks/ApplicationServices.framework/Versions/A/Frameworks/SpeechSynthesis.framework/Versions/A/SpeechSynthesis
0x00000000018a4000 	/System/Library/Frameworks/Accelerate.framework/Versions/A/Frameworks/vImage.framework/Versions/A/vImage
0x00000000018a4000 	/System/Library/Frameworks/Accelerate.framework/Versions/A/Frameworks/vecLib.framework/Versions/A/vecLib
0x00000000018a4000 	/System/Library/Frameworks/Accelerate.framework/Versions/A/Frameworks/vecLib.framework/Versions/A/libvDSP.dylib
0x00000000018a4000 	/System/Library/Frameworks/Accelerate.framework/Versions/A/Frameworks/vecLib.framework/Versions/A/libBNNS.dylib
0x00000000018a4000 	/System/Library/Frameworks/Accelerate.framework/Versions/A/Frameworks/vecLib.framework/Versions/A/libQuadrature.dylib
0x00000000018a4000 	/System/Library/Frameworks/Accelerate.framework/Versions/A/Frameworks/vecLib.framework/Versions/A/libvMisc.dylib
0x00000000018a4000 	/System/Library/Frameworks/Accelerate.framework/Versions/A/Frameworks/vecLib.framework/Versions/A/libLAPACK.dylib
0x00000000018a4000 	/System/Library/Frameworks/Accelerate.framework/Versions/A/Frameworks/vecLib.framework/Versions/A/libBLAS.dylib
0x00000000018a4000 	/System/Library/Frameworks/Accelerate.framework/Versions/A/Frameworks/vecLib.framework/Versions/A/libLinearAlgebra.dylib
0x00000000018a4000 	/System/Library/Frameworks/Accelerate.framework/Versions/A/Frameworks/vecLib.framework/Versions/A/libSparseBLAS.dylib
0x00000000018a4000 	/System/Library/Frameworks/ApplicationServices.framework/Versions/A/Frameworks/ATS.framework/Versions/A/Resources/libFontParser.dylib
0x00000000018a4000 	/System/Library/Frameworks/ApplicationServices.framework/Versions/A/Frameworks/ATS.framework/Versions/A/Resources/libFontRegistry.dylib
0x00000000018a4000 	/System/Library/Frameworks/ImageIO.framework/Versions/A/Resources/libJPEG.dylib
0x00000000018a4000 	/System/Library/Frameworks/ImageIO.framework/Versions/A/Resources/libTIFF.dylib
0x00000000018a4000 	/System/Library/Frameworks/ImageIO.framework/Versions/A/Resources/libPng.dylib
0x00000000018a4000 	/System/Library/Frameworks/ImageIO.framework/Versions/A/Resources/libGIF.dylib
0x00000000018a4000 	/System/Library/Frameworks/ImageIO.framework/Versions/A/Resources/libJP2.dylib
0x00000000018a4000 	/System/Library/Frameworks/ImageIO.framework/Versions/A/Resources/libRadiance.dylib
0x00000000018a4000 	/usr/lib/libcompression.dylib
0x00000000018a4000 	/System/Library/PrivateFrameworks/AppleJPEG.framework/Versions/A/AppleJPEG
0x00000000018a4000 	/usr/lib/libcups.2.dylib
0x00000000018a4000 	/System/Library/Frameworks/Kerberos.framework/Versions/A/Kerberos
0x00000000018a4000 	/System/Library/Frameworks/GSS.framework/Versions/A/GSS
0x00000000018a4000 	/usr/lib/libresolv.9.dylib
0x00000000018a4000 	/usr/lib/libiconv.2.dylib
0x00000000018a4000 	/System/Library/PrivateFrameworks/Heimdal.framework/Versions/A/Heimdal
0x00000000018a4000 	/usr/lib/libheimdal-asn1.dylib
0x00000000018a4000 	/System/Library/Frameworks/OpenDirectory.framework/Versions/A/OpenDirectory
0x00000000018a4000 	/System/Library/PrivateFrameworks/CommonAuth.framework/Versions/A/CommonAuth
0x00000000018a4000 	/System/Library/Frameworks/OpenDirectory.framework/Versions/A/Frameworks/CFOpenDirectory.framework/Versions/A/CFOpenDirectory
0x00000000018a4000 	/System/Library/Frameworks/SecurityFoundation.framework/Versions/A/SecurityFoundation
0x00000000018a4000 	/System/Library/PrivateFrameworks/LanguageModeling.framework/Versions/A/LanguageModeling
0x00000000018a4000 	/usr/lib/libmarisa.dylib
0x00000000018a4000 	/usr/lib/libChineseTokenizer.dylib
0x00000000018a4000 	/usr/lib/libcmph.dylib
0x00000000018a4000 	/System/Library/PrivateFrameworks/CoreEmoji.framework/Versions/A/CoreEmoji
0x00000000018a4000 	/System/Library/Frameworks/ServiceManagement.framework/Versions/A/ServiceManagement
0x00000000018a4000 	/usr/lib/libxslt.1.dylib
0x00000000018a4000 	/System/Library/Frameworks/Carbon.framework/Versions/A/Frameworks/Ink.framework/Versions/A/Ink
0x00000000018a4000 	/System/Library/PrivateFrameworks/TextureIO.framework/Versions/A/TextureIO
0x00000000018a4000 	/System/Library/Frameworks/Metal.framework/Versions/A/Metal
0x00000000018a4000 	/usr/lib/libate.dylib
0x00000000018a4000 	/System/Library/PrivateFrameworks/GPUCompiler.framework/libmetal_timestamp.dylib
0x00000000018a4000 	/System/Library/Frameworks/OpenGL.framework/Versions/A/Libraries/libCoreFSCache.dylib
0x00000000018a4000 	/System/Library/PrivateFrameworks/IOAccelerator.framework/Versions/A/IOAccelerator
0x00000000018a4000 	/System/Library/Frameworks/CoreVideo.framework/Versions/A/CoreVideo
0x00000000018a4000 	/usr/lib/libFosl_dynamic.dylib
0x00000000018a4000 	/System/Library/PrivateFrameworks/MetalPerformanceShaders.framework/Versions/A/MetalPerformanceShaders
0x00000000018a4000 	/System/Library/PrivateFrameworks/FaceCore.framework/Versions/A/FaceCore
0x00000000018a4000 	/System/Library/Frameworks/OpenCL.framework/Versions/A/OpenCL
0x00000000018a4000 	/System/Library/Frameworks/OpenGL.framework/Versions/A/Libraries/libGLU.dylib
0x00000000018a4000 	/System/Library/Frameworks/OpenGL.framework/Versions/A/Libraries/libGFXShared.dylib
0x00000000018a4000 	/System/Library/Frameworks/OpenGL.framework/Versions/A/Libraries/libGL.dylib
0x00000000018a4000 	/System/Library/Frameworks/OpenGL.framework/Versions/A/Libraries/libGLImage.dylib
0x00000000018a4000 	/System/Library/Frameworks/OpenGL.framework/Versions/A/Libraries/libCVMSPluginSupport.dylib
0x00000000018a4000 	/System/Library/Frameworks/OpenGL.framework/Versions/A/Libraries/libCoreVMClient.dylib
0x00000000018a4000 	/System/Library/PrivateFrameworks/CrashReporterSupport.framework/Versions/A/CrashReporterSupport
0x00000000018a4000 	/System/Library/PrivateFrameworks/Sharing.framework/Versions/A/Sharing
0x00000000018a4000 	/System/Library/PrivateFrameworks/IconServices.framework/Versions/A/IconServices
0x00000000018a4000 	/System/Library/PrivateFrameworks/ProtocolBuffer.framework/Versions/A/ProtocolBuffer
0x00000000018a4000 	/System/Library/PrivateFrameworks/Apple80211.framework/Versions/A/Apple80211
0x00000000018a4000 	/System/Library/Frameworks/CoreWLAN.framework/Versions/A/CoreWLAN
0x00000000018a4000 	/System/Library/PrivateFrameworks/CoreUtils.framework/Versions/A/CoreUtils
0x00000000018a4000 	/System/Library/Frameworks/IOBluetooth.framework/Versions/A/IOBluetooth
0x00000000018a4000 	/System/Library/PrivateFrameworks/CoreWiFi.framework/Versions/A/CoreWiFi
0x00000000018a4000 	/System/Library/Frameworks/CoreBluetooth.framework/Versions/A/CoreBluetooth
0x00000000018a4000 	/System/Library/Frameworks/CoreDisplay.framework/Versions/A/CoreDisplay
0x00000000018a4000 	/System/Library/PrivateFrameworks/IOPresentment.framework/Versions/A/IOPresentment
0x00000000018a4000 	/System/Library/PrivateFrameworks/DSExternalDisplay.framework/Versions/A/DSExternalDisplay
0x00000000018a4000 	/System/Library/PrivateFrameworks/DebugSymbols.framework/Versions/A/DebugSymbols
0x00000000018a4000 	/System/Library/PrivateFrameworks/CoreSymbolication.framework/Versions/A/CoreSymbolication
0x00000000018a4000 	/System/Library/PrivateFrameworks/Symbolication.framework/Versions/A/Symbolication
0x00000000018a4000 	/System/Library/PrivateFrameworks/AppleFSCompression.framework/Versions/A/AppleFSCompression
0x00000000018a4000 	/System/Library/PrivateFrameworks/SpeechRecognitionCore.framework/Versions/A/SpeechRecognitionCore
0x00000000018a4000 	/System/Library/PrivateFrameworks/ChunkingLibrary.framework/Versions/A/ChunkingLibrary
0x0000000107a00000 	/Library/Java/JavaVirtualMachines/jdk1.8.0_144.jdk/Contents/Home/jre/lib/server/libjvm.dylib
0x00000000018a4000 	/usr/lib/libstdc++.6.dylib
0x0000000107157000 	/Library/Java/JavaVirtualMachines/jdk1.8.0_144.jdk/Contents/Home/jre/lib/libverify.dylib
0x0000000107165000 	/Library/Java/JavaVirtualMachines/jdk1.8.0_144.jdk/Contents/Home/jre/lib/libjava.dylib
0x000000010719b000 	/Library/Java/JavaVirtualMachines/jdk1.8.0_144.jdk/Contents/Home/jre/lib/libinstrument.dylib
0x00000001089a7000 	/Library/Java/JavaVirtualMachines/jdk1.8.0_144.jdk/Contents/Home/jre/lib/libzip.dylib
0x000000011e386000 	/System/Library/Frameworks/JavaVM.framework/Frameworks/JavaRuntimeSupport.framework/JavaRuntimeSupport
0x000000011e3a0000 	/System/Library/Frameworks/JavaVM.framework/Versions/A/Frameworks/JavaNativeFoundation.framework/Versions/A/JavaNativeFoundation
0x0000000108eba000 	/System/Library/Frameworks/JavaVM.framework/Versions/A/JavaVM
0x00000000018a4000 	/System/Library/Frameworks/Carbon.framework/Versions/A/Carbon
0x000000011e3b5000 	/System/Library/PrivateFrameworks/JavaLaunching.framework/Versions/A/JavaLaunching
0x00000000018a4000 	/System/Library/Frameworks/Carbon.framework/Versions/A/Frameworks/CommonPanels.framework/Versions/A/CommonPanels
0x00000000018a4000 	/System/Library/Frameworks/Carbon.framework/Versions/A/Frameworks/Help.framework/Versions/A/Help
0x00000000018a4000 	/System/Library/Frameworks/Carbon.framework/Versions/A/Frameworks/ImageCapture.framework/Versions/A/ImageCapture
0x00000000018a4000 	/System/Library/Frameworks/Carbon.framework/Versions/A/Frameworks/OpenScripting.framework/Versions/A/OpenScripting
0x00000000018a4000 	/System/Library/Frameworks/Carbon.framework/Versions/A/Frameworks/Print.framework/Versions/A/Print
0x00000000018a4000 	/System/Library/Frameworks/Carbon.framework/Versions/A/Frameworks/SecurityHI.framework/Versions/A/SecurityHI
0x000000011fde0000 	/Library/Java/JavaVirtualMachines/jdk1.8.0_144.jdk/Contents/Home/jre/lib/libnet.dylib
0x000000011fe3f000 	/Library/Java/JavaVirtualMachines/jdk1.8.0_144.jdk/Contents/Home/jre/lib/libawt.dylib
0x000000011fee7000 	/Library/Java/JavaVirtualMachines/jdk1.8.0_144.jdk/Contents/Home/jre/lib/./libmlib_image.dylib
0x000000011ffb3000 	/Library/Java/JavaVirtualMachines/jdk1.8.0_144.jdk/Contents/Home/jre/lib/libawt_lwawt.dylib
0x000000012006a000 	/Library/Java/JavaVirtualMachines/jdk1.8.0_144.jdk/Contents/Home/jre/lib/./libosxapp.dylib
0x00000000018a4000 	/System/Library/Frameworks/ExceptionHandling.framework/Versions/A/ExceptionHandling
0x00000000018a4000 	/System/Library/PrivateFrameworks/CoreServicesInternal.framework/Versions/A/CoreServicesInternal
0x00000000018a4000 	/System/Library/CoreServices/RawCamera.bundle/Contents/MacOS/RawCamera
0x00000000018a4000 	/System/Library/Frameworks/Accelerate.framework/Versions/A/Frameworks/vImage.framework/Versions/A/Libraries/libCGInterfaces.dylib
0x00000000018a4000 	/System/Library/Frameworks/ApplicationServices.framework/Versions/A/Frameworks/ATS.framework/Versions/A/Resources/libTrueTypeScaler.dylib
0x00000001218b5000 	/System/Library/Frameworks/OpenGL.framework/Resources/GLEngine.bundle/GLEngine
0x00000000018a4000 	/System/Library/Frameworks/OpenGL.framework/Versions/A/Libraries/libGLProgrammability.dylib
0x0000000121a9a000 	/System/Library/Extensions/AppleIntelBDWGraphicsGLDriver.bundle/Contents/MacOS/AppleIntelBDWGraphicsGLDriver
0x00000000018a4000 	/System/Library/PrivateFrameworks/GPUSupport.framework/Versions/A/Libraries/libGPUSupportMercury.dylib
0x0000000122207000 	/System/Library/Frameworks/OpenGL.framework/Resources//GLRendererFloat.bundle/GLRendererFloat
0x00000000018a4000 	/System/Library/Frameworks/OpenCL.framework/Versions/A/Libraries/libcldcpuengine.dylib
0x00000000018a4000 	/usr/lib/libcrypto.0.9.8.dylib
0x00000000018a4000 	/System/Library/PrivateFrameworks/TrustEvaluationAgent.framework/Versions/A/TrustEvaluationAgent
0x000000012223b000 	/System/Library/Extensions/AppleIntelBDWGraphicsMTLDriver.bundle/Contents/MacOS/AppleIntelBDWGraphicsMTLDriver
0x00000000018a4000 	/System/Library/PrivateFrameworks/FamilyControls.framework/Versions/A/FamilyControls
0x00000000018a4000 	/System/Library/PrivateFrameworks/CommerceKit.framework/Versions/A/Frameworks/CommerceCore.framework/Versions/A/CommerceCore
0x00000000018a4000 	/System/Library/PrivateFrameworks/SystemAdministration.framework/Versions/A/SystemAdministration
0x00000000018a4000 	/System/Library/PrivateFrameworks/AppContainer.framework/Versions/A/AppContainer
0x00000000018a4000 	/System/Library/PrivateFrameworks/SecCodeWrapper.framework/Versions/A/SecCodeWrapper
0x00000000018a4000 	/System/Library/Frameworks/DirectoryService.framework/Versions/A/DirectoryService
0x00000000018a4000 	/System/Library/PrivateFrameworks/DiskImages.framework/Versions/A/DiskImages
0x00000000018a4000 	/System/Library/PrivateFrameworks/LoginUIKit.framework/Versions/A/Frameworks/LoginUICore.framework/Versions/A/LoginUICore
0x00000000018a4000 	/usr/lib/libCoreStorage.dylib
0x00000000018a4000 	/usr/lib/libcsfde.dylib
0x00000000018a4000 	/usr/lib/libodfde.dylib
0x00000000018a4000 	/System/Library/Frameworks/DiscRecording.framework/Versions/A/DiscRecording
0x00000000018a4000 	/usr/lib/libcurl.4.dylib
0x00000000018a4000 	/System/Library/PrivateFrameworks/MediaKit.framework/Versions/A/MediaKit
0x00000000018a4000 	/System/Library/PrivateFrameworks/ProtectedCloudStorage.framework/Versions/A/ProtectedCloudStorage
0x00000000018a4000 	/System/Library/PrivateFrameworks/EFILogin.framework/Versions/A/EFILogin
0x00000000018a4000 	/usr/lib/libutil.dylib
0x00000000018a4000 	/System/Library/Frameworks/LDAP.framework/Versions/A/LDAP
0x00000000018a4000 	/usr/lib/libsasl2.2.dylib
0x00000000018a4000 	/System/Library/PrivateFrameworks/CoreDaemon.framework/Versions/B/CoreDaemon
0x00000000018a4000 	/System/Library/PrivateFrameworks/AppleSRP.framework/Versions/A/AppleSRP
0x00000000018a4000 	/System/Library/PrivateFrameworks/APFS.framework/Versions/A/APFS
0x0000000124353000 	/Library/Java/JavaVirtualMachines/jdk1.8.0_144.jdk/Contents/Home/jre/lib/libfontmanager.dylib
0x00000000018a4000 	/System/Library/PrivateFrameworks/ViewBridge.framework/Versions/A/ViewBridge
0x00000000018a4000 	/System/Library/PrivateFrameworks/XPCService.framework/Versions/A/XPCService
0x00000000018a4000 	/System/Library/PrivateFrameworks/AppSandbox.framework/Versions/A/AppSandbox
0x00000000018a4000 	/usr/lib/libsandbox.1.dylib
0x00000000018a4000 	/usr/lib/libMatch.1.dylib
0x00000001243e0000 	/Library/Java/JavaVirtualMachines/jdk1.8.0_144.jdk/Contents/Home/jre/lib/libnio.dylib
0x000000014fcd4000 	/Library/Java/JavaVirtualMachines/jdk1.8.0_144.jdk/Contents/Home/jre/lib/libosxui.dylib

VM Arguments:
jvm_args: -javaagent:/Applications/IntelliJ IDEA.app/Contents/lib/idea_rt.jar=64579:/Applications/IntelliJ IDEA.app/Contents/bin -Dfile.encoding=UTF-8 
java_command: org.academiadecodigo.pacman.Tester
java_class_path (initial): /Library/Java/JavaVirtualMachines/jdk1.8.0_144.jdk/Contents/Home/jre/lib/charsets.jar:/Library/Java/JavaVirtualMachines/jdk1.8.0_144.jdk/Contents/Home/jre/lib/deploy.jar:/Library/Java/JavaVirtualMachines/jdk1.8.0_144.jdk/Contents/Home/jre/lib/ext/cldrdata.jar:/Library/Java/JavaVirtualMachines/jdk1.8.0_144.jdk/Contents/Home/jre/lib/ext/dnsns.jar:/Library/Java/JavaVirtualMachines/jdk1.8.0_144.jdk/Contents/Home/jre/lib/ext/jaccess.jar:/Library/Java/JavaVirtualMachines/jdk1.8.0_144.jdk/Contents/Home/jre/lib/ext/jfxrt.jar:/Library/Java/JavaVirtualMachines/jdk1.8.0_144.jdk/Contents/Home/jre/lib/ext/localedata.jar:/Library/Java/JavaVirtualMachines/jdk1.8.0_144.jdk/Contents/Home/jre/lib/ext/nashorn.jar:/Library/Java/JavaVirtualMachines/jdk1.8.0_144.jdk/Contents/Home/jre/lib/ext/sunec.jar:/Library/Java/JavaVirtualMachines/jdk1.8.0_144.jdk/Contents/Home/jre/lib/ext/sunjce_provider.jar:/Library/Java/JavaVirtualMachines/jdk1.8.0_144.jdk/Contents/Home/jre/lib/ext/sunpkcs11.jar:/Library/Java/JavaVirtualMachines/jdk1.8.0_144.jdk/Contents/Home/jre/lib/ext/zipfs.jar:/Library/Java/JavaVirtualMachines/jdk1.8.0_144.jdk/Contents/Home/jre/lib/javaws.jar:/Library/Java/JavaVirtualMachines/jdk1.8.0_144.jdk/Contents/Home/jre/lib/jce.jar:/Library/Java/JavaVirtualMachines/jdk1.8.0_144.jdk/Contents/Home/jre/lib/jfr.jar:/Library/Java/JavaVirtualMachines/jdk1.8.0_144.jdk/Contents/Home/jre/lib/jfxswt.jar:/Library/Java/JavaVirtualMachines/jdk1.8.0_144.jdk/Contents/Home/jre/lib/jsse.jar:/Library/Java/JavaVirtualMachines/jdk1.8.0_144.jdk/Contents/Home/jre/lib/management-agent.jar:/Library/Java/JavaVirtualMachines/jdk1.8.0_144.jdk/Contents/Home/jre/lib/plugin.jar:/Library/Java/JavaVirtualMachines/jdk1.8.0_144.jdk/Contents/Home/jre/lib/resources.jar:/Library/Java/JavaVirtualMachines/jdk1.8.0_144.jdk/Contents/Home/jre/lib/rt.jar:/Library/Java/JavaVirtualMachines/jdk1.8.0_144.jdk/Contents/Home/lib/ant-javafx.jar:/Library/Java/JavaVirtualMachines/jdk1.8.0_144.jdk/Contents/Home
Launcher Type: SUN_STANDARD

Environment Variables:
PATH=/Users/tal_efe/bin:/usr/local/bin:/usr/bin:/bin:/usr/sbin:/sbin
SHELL=/bin/bash

Signal Handlers:
SIGSEGV: [libjvm.dylib+0x5b26e5], sa_mask[0]=11111111011111110111111111111111, sa_flags=SA_ONSTACK|SA_RESTART|SA_SIGINFO
SIGBUS: [libjvm.dylib+0x5b26e5], sa_mask[0]=11111111011111110111111111111111, sa_flags=SA_RESTART|SA_SIGINFO
SIGFPE: [libjvm.dylib+0x489100], sa_mask[0]=11111111011111110111111111111111, sa_flags=SA_RESTART|SA_SIGINFO
SIGPIPE: [libjvm.dylib+0x489100], sa_mask[0]=11111111011111110111111111111111, sa_flags=SA_RESTART|SA_SIGINFO
SIGXFSZ: [libjvm.dylib+0x489100], sa_mask[0]=11111111011111110111111111111111, sa_flags=SA_RESTART|SA_SIGINFO
SIGILL: [libjvm.dylib+0x489100], sa_mask[0]=11111111011111110111111111111111, sa_flags=SA_RESTART|SA_SIGINFO
SIGUSR1: SIG_DFL, sa_mask[0]=00000000000000000000000000000000, sa_flags=none
SIGUSR2: [libjvm.dylib+0x488c1e], sa_mask[0]=00100000000000000000000000000000, sa_flags=SA_RESTART|SA_SIGINFO
SIGHUP: [libjvm.dylib+0x4871f5], sa_mask[0]=11111111011111110111111111111111, sa_flags=SA_RESTART|SA_SIGINFO
SIGINT: [libjvm.dylib+0x4871f5], sa_mask[0]=11111111011111110111111111111111, sa_flags=SA_RESTART|SA_SIGINFO
SIGTERM: [libjvm.dylib+0x4871f5], sa_mask[0]=11111111011111110111111111111111, sa_flags=SA_RESTART|SA_SIGINFO
SIGQUIT: [libjvm.dylib+0x4871f5], sa_mask[0]=11111111011111110111111111111111, sa_flags=SA_RESTART|SA_SIGINFO


---------------  S Y S T E M  ---------------

OS:Bsduname:Darwin 16.7.0 Darwin Kernel Version 16.7.0: Thu Jun 15 17:36:27 PDT 2017; root:xnu-3789.70.16~2/RELEASE_X86_64 x86_64
rlimit: STACK 8192k, CORE 0k, NPROC 709, NOFILE 10240, AS infinity
load average:2.05 2.12 2.00

CPU:total 4 (initial active 4) (2 cores per cpu, 2 threads per core) family 6 model 61 stepping 4, cmov, cx8, fxsr, mmx, sse, sse2, sse3, ssse3, sse4.1, sse4.2, popcnt, avx, avx2, aes, clmul, erms, rtm, 3dnowpref, lzcnt, ht, tsc, tscinvbit, bmi1, bmi2, adx

Memory: 4k page, physical 8388608k(1273540k free)

/proc/meminfo:


vm_info: Java HotSpot(TM) 64-Bit Server VM (25.144-b01) for bsd-amd64 JRE (1.8.0_144-b01), built on Jul 21 2017 22:07:42 by "java_re" with gcc 4.2.1 (Based on Apple Inc. build 5658) (LLVM build 2336.11.00)

time: Mon Nov  6 19:22:19 2017
elapsed time: 329 seconds (0d 0h 5m 29s)

